<?xml version="1.0" encoding="UTF-8"?>
<!-- Generated by org.testng.reporters.JUnitReportReporter -->
<testsuite skipped="0" hostname="DESKTOP-2BE1B3J" name="com.Faceboook.fb" tests="1" failures="0" timestamp="2021-02-04T10:43:33 IST" time="0.050" errors="0">
  <testcase name="verifyTitle" time="0.050" classname="com.Faceboook.fb"/>
  <system-out/>
</testsuite> <!-- com.Faceboook.fb -->
