<?xml version="1.0" encoding="UTF-8"?>
<!-- Generated by org.testng.reporters.JUnitReportReporter -->
<testsuite skipped="0" hostname="DESKTOP-2BE1B3J" name="Seleniumhq.Google" tests="1" failures="0" timestamp="2021-02-04T12:21:35 IST" time="0.236" errors="0">
  <testcase name="Verifyclick" time="0.236" classname="Seleniumhq.Google"/>
  <system-out/>
</testsuite> <!-- Seleniumhq.Google -->
