<?xml version="1.0" encoding="UTF-8"?>
<!-- Generated by org.testng.reporters.JUnitReportReporter -->
<testsuite skipped="0" hostname="DESKTOP-2BE1B3J" name="OnlineShopping.FlipKartSh" tests="3" failures="0" timestamp="2021-02-06T22:22:52 IST" time="13.275" errors="0">
  <testcase name="VerifyMobile" time="1.854" classname="OnlineShopping.FlipKartSh"/>
  <system-out/>
  <testcase name="VerifySearchClick" time="3.621" classname="OnlineShopping.FlipKartSh"/>
  <system-out/>
  <testcase name="VerifyAddtocart" time="7.800" classname="OnlineShopping.FlipKartSh"/>
  <system-out/>
</testsuite> <!-- OnlineShopping.FlipKartSh -->
