<?xml version="1.0" encoding="UTF-8"?>
<!-- Generated by org.testng.reporters.JUnitReportReporter -->
<testsuite skipped="0" hostname="DESKTOP-2BE1B3J" name="DataDriven.WithoutExcel" tests="7" failures="0" timestamp="2021-01-18T12:47:59 IST" time="64.795" errors="0">
  <testcase name="VerifyTest" time="4.384" classname="DataDriven.WithoutExcel"/>
  <system-out/>
  <testcase name="VerifyTest" time="4.541" classname="DataDriven.WithoutExcel"/>
  <system-out/>
  <testcase name="VerifyLink" time="0.398" classname="DataDriven.WithoutExcel"/>
  <system-out/>
  <testcase name="VerifyTest" time="4.433" classname="DataDriven.WithoutExcel"/>
  <system-out/>
  <testcase name="VerifyTest" time="42.288" classname="DataDriven.WithoutExcel"/>
  <system-out/>
  <testcase name="VerifyTest" time="4.392" classname="DataDriven.WithoutExcel"/>
  <system-out/>
  <testcase name="VerifyTest" time="4.359" classname="DataDriven.WithoutExcel"/>
  <system-out/>
</testsuite> <!-- DataDriven.WithoutExcel -->
