<?xml version="1.0" encoding="UTF-8"?>
<!-- Generated by org.testng.reporters.JUnitReportReporter -->
<testsuite skipped="0" hostname="DESKTOP-2BE1B3J" name="Seleniumhq.QaClick" tests="14" failures="0" timestamp="2021-01-31T06:22:57 IST" time="65.856" errors="0">
  <testcase name="VerifyLink" time="19.646" classname="Seleniumhq.QaClick"/>
  <system-out/>
  <testcase name="VerifyRadisoButton" time="2.225" classname="Seleniumhq.QaClick"/>
  <system-out/>
  <testcase name="VerifyCountry" time="0.552" classname="Seleniumhq.QaClick"/>
  <system-out/>
  <testcase name="VerifyDropDown" time="0.829" classname="Seleniumhq.QaClick"/>
  <system-out/>
  <testcase name="VerifyCheckBox" time="0.167" classname="Seleniumhq.QaClick"/>
  <system-out/>
  <testcase name="VerifySwitchWindow" time="1.016" classname="Seleniumhq.QaClick"/>
  <system-out/>
  <testcase name="VerifySwitchTab" time="0.843" classname="Seleniumhq.QaClick"/>
  <system-out/>
  <testcase name="VerifySwitchAlert" time="0.718" classname="Seleniumhq.QaClick"/>
  <system-out/>
  <testcase name="VerifyScrolldown" time="2.058" classname="Seleniumhq.QaClick"/>
  <system-out/>
  <testcase name="VerfyHideandShow" time="4.563" classname="Seleniumhq.QaClick"/>
  <system-out/>
  <testcase name="VerifyWebTable2" time="30.063" classname="Seleniumhq.QaClick"/>
  <system-out/>
  <testcase name="VerifyWebTable1" time="0.116" classname="Seleniumhq.QaClick"/>
  <system-out/>
  <testcase name="VerifyMouseOver" time="2.460" classname="Seleniumhq.QaClick"/>
  <system-out/>
  <testcase name="VerifyScreenShots" time="0.600" classname="Seleniumhq.QaClick"/>
  <system-out/>
</testsuite> <!-- Seleniumhq.QaClick -->
