<?xml version="1.0" encoding="UTF-8"?>
<!-- Generated by org.testng.reporters.JUnitReportReporter -->
<testsuite skipped="0" hostname="DESKTOP-2BE1B3J" name="Seleniumhq.FlipkartOrder" tests="4" failures="0" timestamp="2021-02-06T22:13:29 IST" time="18.077" errors="0">
  <testcase name="VerifyMobile" time="2.579" classname="Seleniumhq.FlipkartOrder"/>
  <system-out/>
  <testcase name="VerifySearchClick" time="5.236" classname="Seleniumhq.FlipkartOrder"/>
  <system-out/>
  <testcase name="VerifyAddtocart" time="9.751" classname="Seleniumhq.FlipkartOrder"/>
  <system-out/>
  <testcase name="TearDown" time="0.511" classname="Seleniumhq.FlipkartOrder"/>
  <system-out/>
</testsuite> <!-- Seleniumhq.FlipkartOrder -->
