<?xml version="1.0" encoding="UTF-8"?>
<!-- Generated by org.testng.reporters.JUnitReportReporter -->
<testsuite skipped="0" hostname="DESKTOP-2BE1B3J" name="com.amazon.com.Validatelogin" tests="1" failures="0" timestamp="2021-02-08T13:30:52 IST" time="0.087" errors="0">
  <testcase name="validateTitle" time="0.087" classname="com.amazon.com.Validatelogin"/>
  <system-out/>
</testsuite> <!-- com.amazon.com.Validatelogin -->
