<?xml version="1.0" encoding="UTF-8"?>
<!-- Generated by org.testng.reporters.JUnitReportReporter -->
<testsuite skipped="0" hostname="DESKTOP-2BE1B3J" name="com.amazon.com.Validatelogin" tests="1" failures="0" timestamp="2021-02-08T11:22:51 IST" time="1.023" errors="0">
  <testcase name="validateTitle" time="1.023" classname="com.amazon.com.Validatelogin"/>
  <system-out/>
</testsuite> <!-- com.amazon.com.Validatelogin -->
